epoch 20
lr 0.005
batch 2048
num_layers 4
hidden_size 64
optimizer Adam
dropout 0.0
batchnorm 1
epoch1 : Train Loss: 118.1947  Valid Loss 0.6040
epoch2 : Train Loss: 8.2950  Valid Loss 0.4936
epoch3 : Train Loss: 5.5210  Valid Loss 0.5050
epoch4 : Train Loss: 4.0200  Valid Loss 0.3940
epoch5 : Train Loss: 3.3264  Valid Loss 0.4043
epoch6 : Train Loss: 3.2086  Valid Loss 0.2956
epoch7 : Train Loss: 3.3852  Valid Loss 0.3093
epoch8 : Train Loss: 3.5805  Valid Loss 0.2955
epoch9 : Train Loss: 3.0398  Valid Loss 0.2807
epoch10 : Train Loss: 2.7673  Valid Loss 0.2812
epoch11 : Train Loss: 2.7036  Valid Loss 0.2669
epoch12 : Train Loss: 3.1956  Valid Loss 0.2733
epoch13 : Train Loss: 2.9215  Valid Loss 0.2697
epoch14 : Train Loss: 3.2497  Valid Loss 0.5620
test loss : 0.26861649872483434