epoch 20
lr 0.005
batch 2048
num_layers 4
hidden_size 64
optimizer SGD
dropout 0.0
batchnorm 1
epoch1 : Train Loss: 52.3694  Valid Loss 0.3623
epoch2 : Train Loss: 3.4266  Valid Loss 0.3347
epoch3 : Train Loss: 3.1801  Valid Loss 0.3098
epoch4 : Train Loss: 2.9288  Valid Loss 0.2840
epoch5 : Train Loss: 2.7102  Valid Loss 0.2648
epoch6 : Train Loss: 2.5794  Valid Loss 0.2567
epoch7 : Train Loss: 2.5206  Valid Loss 0.2543
epoch8 : Train Loss: 2.4790  Valid Loss 0.2519
epoch9 : Train Loss: 2.4399  Valid Loss 0.2429
epoch10 : Train Loss: 2.4187  Valid Loss 0.2488
epoch11 : Train Loss: 2.3982  Valid Loss 0.2401
epoch12 : Train Loss: 2.3910  Valid Loss 0.2405
epoch13 : Train Loss: 2.3728  Valid Loss 0.2395
epoch14 : Train Loss: 2.3633  Valid Loss 0.2406
epoch15 : Train Loss: 2.3603  Valid Loss 0.2375
epoch16 : Train Loss: 2.3426  Valid Loss 0.2395
epoch17 : Train Loss: 2.3519  Valid Loss 0.2432
epoch18 : Train Loss: 2.3629  Valid Loss 0.2373
epoch19 : Train Loss: 2.3352  Valid Loss 0.2393
epoch20 : Train Loss: 2.3176  Valid Loss 0.2383
test loss : 0.2354373658025587