epoch 20
lr 0.001
batch 1024
num_layers 4
hidden_size 64
optimizer SGD
dropout 0.0
batchnorm 1
epoch1 : Train Loss: 41.7044  Valid Loss 0.3839
epoch2 : Train Loss: 3.5394  Valid Loss 0.3797
epoch3 : Train Loss: 3.5294  Valid Loss 0.3769
epoch4 : Train Loss: 3.5182  Valid Loss 0.3780
epoch5 : Train Loss: 3.5143  Valid Loss 0.3762
epoch6 : Train Loss: 3.4988  Valid Loss 0.3748
epoch7 : Train Loss: 3.4921  Valid Loss 0.3747
epoch8 : Train Loss: 3.4819  Valid Loss 0.3741
epoch9 : Train Loss: 3.4599  Valid Loss 0.3677
epoch10 : Train Loss: 3.4382  Valid Loss 0.3713
epoch11 : Train Loss: 3.4086  Valid Loss 0.3634
epoch12 : Train Loss: 3.3756  Valid Loss 0.3570
epoch13 : Train Loss: 3.3180  Valid Loss 0.3516
epoch14 : Train Loss: 3.2677  Valid Loss 0.3511
epoch15 : Train Loss: 3.2109  Valid Loss 0.3378
epoch16 : Train Loss: 3.1388  Valid Loss 0.3297
epoch17 : Train Loss: 3.0666  Valid Loss 0.3237
epoch18 : Train Loss: 3.0071  Valid Loss 0.3148
epoch19 : Train Loss: 2.9334  Valid Loss 0.3076
epoch20 : Train Loss: 2.8638  Valid Loss 0.3015
test loss : 0.30067572883657506