epoch 20
lr 0.01
batch 2048
num_layers 4
hidden_size 128
optimizer SGD
dropout 0.0
batchnorm 1
epoch1 : Train Loss: 76.0843  Valid Loss 0.3897
epoch2 : Train Loss: 3.5399  Valid Loss 0.3471
epoch3 : Train Loss: 3.2268  Valid Loss 0.3094
epoch4 : Train Loss: 2.8616  Valid Loss 0.2714
epoch5 : Train Loss: 2.5779  Valid Loss 0.2513
epoch6 : Train Loss: 2.4463  Valid Loss 0.2481
epoch7 : Train Loss: 2.4080  Valid Loss 0.2472
epoch8 : Train Loss: 2.3673  Valid Loss 0.2426
epoch9 : Train Loss: 2.3559  Valid Loss 0.2440
epoch10 : Train Loss: 2.3506  Valid Loss 0.2476
epoch11 : Train Loss: 2.3617  Valid Loss 0.2357
epoch12 : Train Loss: 2.3365  Valid Loss 0.2388
epoch13 : Train Loss: 2.3345  Valid Loss 0.2367
epoch14 : Train Loss: 2.3326  Valid Loss 0.2420
test loss : 0.23609121264638128