epoch 50
lr 0.005
batch 2048
num_layers 4
hidden_size 64
optimizer SGD
dropout 0.1
batchnorm 1
epoch1 : Train Loss: 60.2139  Valid Loss 0.4405
epoch2 : Train Loss: 4.2070  Valid Loss 0.4244
epoch3 : Train Loss: 4.1262  Valid Loss 0.4236
epoch4 : Train Loss: 4.0872  Valid Loss 0.4116
epoch5 : Train Loss: 4.0566  Valid Loss 0.4153
epoch6 : Train Loss: 4.0346  Valid Loss 0.4096
epoch7 : Train Loss: 3.9930  Valid Loss 0.4045
epoch8 : Train Loss: 3.9034  Valid Loss 0.3939
epoch9 : Train Loss: 3.8097  Valid Loss 0.3821
epoch10 : Train Loss: 3.6882  Valid Loss 0.3645
epoch11 : Train Loss: 3.5176  Valid Loss 0.3447
epoch12 : Train Loss: 3.3119  Valid Loss 0.3233
epoch13 : Train Loss: 3.1265  Valid Loss 0.3103
epoch14 : Train Loss: 3.0083  Valid Loss 0.2985
epoch15 : Train Loss: 2.9076  Valid Loss 0.2891
epoch16 : Train Loss: 2.8411  Valid Loss 0.2822
epoch17 : Train Loss: 2.7934  Valid Loss 0.2812
epoch18 : Train Loss: 2.7550  Valid Loss 0.2764
epoch19 : Train Loss: 2.7188  Valid Loss 0.2778
epoch20 : Train Loss: 2.7009  Valid Loss 0.2794
epoch21 : Train Loss: 2.6899  Valid Loss 0.2713
epoch22 : Train Loss: 2.6615  Valid Loss 0.2709
epoch23 : Train Loss: 2.6547  Valid Loss 0.2710
epoch24 : Train Loss: 2.6409  Valid Loss 0.2675
epoch25 : Train Loss: 2.6423  Valid Loss 0.2664
epoch26 : Train Loss: 2.6583  Valid Loss 0.2668
epoch27 : Train Loss: 2.6286  Valid Loss 0.2803
epoch28 : Train Loss: 2.5927  Valid Loss 0.2639
epoch29 : Train Loss: 2.6036  Valid Loss 0.2591
epoch30 : Train Loss: 2.5849  Valid Loss 0.2612
epoch31 : Train Loss: 2.5716  Valid Loss 0.2586
epoch32 : Train Loss: 2.5606  Valid Loss 0.2598
epoch33 : Train Loss: 2.5602  Valid Loss 0.2682
epoch34 : Train Loss: 2.6127  Valid Loss 0.2558
epoch35 : Train Loss: 2.5710  Valid Loss 0.2663
epoch36 : Train Loss: 2.5499  Valid Loss 0.2533
epoch37 : Train Loss: 2.5516  Valid Loss 0.2623
epoch38 : Train Loss: 2.5627  Valid Loss 0.2590
epoch39 : Train Loss: 2.5254  Valid Loss 0.2530
epoch40 : Train Loss: 2.5238  Valid Loss 0.2596
epoch41 : Train Loss: 2.5212  Valid Loss 0.2639
epoch42 : Train Loss: 2.5243  Valid Loss 0.2551
test loss : 0.25249706087885676