epoch 50
lr 0.005
batch 2048
num_layers 4
hidden_size 64
optimizer SGD
dropout 0.5
batchnorm 1
epoch1 : Train Loss: 54.1145  Valid Loss 0.7562
epoch2 : Train Loss: 6.7331  Valid Loss 0.6249
epoch3 : Train Loss: 5.8424  Valid Loss 0.5651
epoch4 : Train Loss: 5.2981  Valid Loss 0.5225
epoch5 : Train Loss: 4.9699  Valid Loss 0.4971
epoch6 : Train Loss: 4.7110  Valid Loss 0.4701
epoch7 : Train Loss: 4.5513  Valid Loss 0.4554
epoch8 : Train Loss: 4.4264  Valid Loss 0.4534
epoch9 : Train Loss: 4.3329  Valid Loss 0.4404
epoch10 : Train Loss: 4.2930  Valid Loss 0.4290
epoch11 : Train Loss: 4.2235  Valid Loss 0.4270
epoch12 : Train Loss: 4.1832  Valid Loss 0.4290
epoch13 : Train Loss: 4.1679  Valid Loss 0.4243
epoch14 : Train Loss: 4.1323  Valid Loss 0.4232
epoch15 : Train Loss: 4.1162  Valid Loss 0.4187
epoch16 : Train Loss: 4.1116  Valid Loss 0.4171
epoch17 : Train Loss: 4.0913  Valid Loss 0.4175
epoch18 : Train Loss: 4.0799  Valid Loss 0.4157
epoch19 : Train Loss: 4.0718  Valid Loss 0.4182
epoch20 : Train Loss: 4.0762  Valid Loss 0.4161
epoch21 : Train Loss: 4.0583  Valid Loss 0.4163
test loss : 0.4116768466459738epoch 50
