epoch 20
lr 0.005
batch 2048
num_layers 5
hidden_size 64
optimizer SGD
dropout 0.0
batchnorm 1
epoch1 : Train Loss: 42.4335  Valid Loss 0.3406
epoch2 : Train Loss: 3.2368  Valid Loss 0.3172
epoch3 : Train Loss: 2.9595  Valid Loss 0.2827
epoch4 : Train Loss: 2.6987  Valid Loss 0.2635
epoch5 : Train Loss: 2.5640  Valid Loss 0.2524
epoch6 : Train Loss: 2.4687  Valid Loss 0.2452
epoch7 : Train Loss: 2.4255  Valid Loss 0.2488
epoch8 : Train Loss: 2.4019  Valid Loss 0.2426
epoch9 : Train Loss: 2.3811  Valid Loss 0.2370
epoch10 : Train Loss: 2.3763  Valid Loss 0.2436
epoch11 : Train Loss: 2.3684  Valid Loss 0.2393
epoch12 : Train Loss: 2.3360  Valid Loss 0.2346
epoch13 : Train Loss: 2.3390  Valid Loss 0.2392
epoch14 : Train Loss: 2.3586  Valid Loss 0.2395
epoch15 : Train Loss: 2.3430  Valid Loss 0.2391
test loss : 0.2350095756150581