epoch 50
lr 0.01
batch 5096
num_layers 4
hidden_size 64
optimizer SGD
dropout 0.0
batchnorm 1
epoch1 : Train Loss: 179.0670  Valid Loss 1.0245
epoch2 : Train Loss: 8.4045  Valid Loss 0.6034
epoch3 : Train Loss: 3.6401  Valid Loss 0.2724
epoch4 : Train Loss: 2.6199  Valid Loss 0.2571
epoch5 : Train Loss: 2.5215  Valid Loss 0.2541
epoch6 : Train Loss: 2.4682  Valid Loss 0.2478
epoch7 : Train Loss: 2.4438  Valid Loss 0.2465
epoch8 : Train Loss: 2.4293  Valid Loss 0.2464
epoch9 : Train Loss: 2.4016  Valid Loss 0.2416
epoch10 : Train Loss: 2.3931  Valid Loss 0.2528
epoch11 : Train Loss: 2.3721  Valid Loss 0.2372
epoch12 : Train Loss: 2.3747  Valid Loss 0.2430
epoch13 : Train Loss: 2.3598  Valid Loss 0.2392
epoch14 : Train Loss: 2.3553  Valid Loss 0.2382
test loss : 0.2369559496641159