epoch 20
lr 0.005
batch 5096
num_layers 4
hidden_size 64
optimizer SGD
dropout 0.0
batchnorm 1
epoch1 : Train Loss: 129.8418  Valid Loss 0.4159
epoch2 : Train Loss: 3.8322  Valid Loss 0.3665
epoch3 : Train Loss: 3.5877  Valid Loss 0.3540
epoch4 : Train Loss: 3.4703  Valid Loss 0.3442
epoch5 : Train Loss: 3.3764  Valid Loss 0.3387
epoch6 : Train Loss: 3.2832  Valid Loss 0.3270
epoch7 : Train Loss: 3.1963  Valid Loss 0.3174
epoch8 : Train Loss: 3.1011  Valid Loss 0.3081
epoch9 : Train Loss: 2.9826  Valid Loss 0.2931
epoch10 : Train Loss: 2.8708  Valid Loss 0.2849
epoch11 : Train Loss: 2.7778  Valid Loss 0.2710
epoch12 : Train Loss: 2.7131  Valid Loss 0.2675
epoch13 : Train Loss: 2.6534  Valid Loss 0.2632
epoch14 : Train Loss: 2.6251  Valid Loss 0.2599
epoch15 : Train Loss: 2.5737  Valid Loss 0.2567
epoch16 : Train Loss: 2.5368  Valid Loss 0.2519
epoch17 : Train Loss: 2.5075  Valid Loss 0.2501
epoch18 : Train Loss: 2.4991  Valid Loss 0.2469
epoch19 : Train Loss: 2.4644  Valid Loss 0.2483
epoch20 : Train Loss: 2.4408  Valid Loss 0.2462
test loss : 0.24437638620535532