epoch 50
lr 0.005
batch 2048
num_layers 4
hidden_size 64
optimizer SGD
dropout 0.2
batchnorm 1
epoch1 : Train Loss: 61.6562  Valid Loss 0.4907
epoch2 : Train Loss: 4.6252  Valid Loss 0.4576
epoch3 : Train Loss: 4.4115  Valid Loss 0.4476
epoch4 : Train Loss: 4.2593  Valid Loss 0.4241
epoch5 : Train Loss: 4.0905  Valid Loss 0.4101
epoch6 : Train Loss: 3.9352  Valid Loss 0.3835
epoch7 : Train Loss: 3.6901  Valid Loss 0.3591
epoch8 : Train Loss: 3.4482  Valid Loss 0.3379
epoch9 : Train Loss: 3.2542  Valid Loss 0.3192
epoch10 : Train Loss: 3.1397  Valid Loss 0.3091
epoch11 : Train Loss: 3.0367  Valid Loss 0.3042
epoch12 : Train Loss: 2.9678  Valid Loss 0.2999
epoch13 : Train Loss: 2.9200  Valid Loss 0.2978
epoch14 : Train Loss: 2.8736  Valid Loss 0.2958
epoch15 : Train Loss: 2.8336  Valid Loss 0.2847
epoch16 : Train Loss: 2.8047  Valid Loss 0.2803
epoch17 : Train Loss: 2.8005  Valid Loss 0.2844
epoch18 : Train Loss: 2.7531  Valid Loss 0.2780
epoch19 : Train Loss: 2.7409  Valid Loss 0.2827
epoch20 : Train Loss: 2.7302  Valid Loss 0.2824
epoch21 : Train Loss: 2.7286  Valid Loss 0.2768
epoch22 : Train Loss: 2.6911  Valid Loss 0.2736
epoch23 : Train Loss: 2.6881  Valid Loss 0.2721
epoch24 : Train Loss: 2.6812  Valid Loss 0.2699
epoch25 : Train Loss: 2.6665  Valid Loss 0.2720
epoch26 : Train Loss: 2.6782  Valid Loss 0.2730
epoch27 : Train Loss: 2.6512  Valid Loss 0.2751
test loss : 0.2687299940231684