epoch 50
lr 0.005
batch 2048
num_layers 4
hidden_size 64
optimizer SGD
dropout 0.02
batchnorm 1
epoch1 : Train Loss: 60.6439  Valid Loss 0.4070
epoch2 : Train Loss: 3.9043  Valid Loss 0.3955
epoch3 : Train Loss: 3.8600  Valid Loss 0.3957
epoch4 : Train Loss: 3.8388  Valid Loss 0.3875
epoch5 : Train Loss: 3.7996  Valid Loss 0.3845
epoch6 : Train Loss: 3.6939  Valid Loss 0.3694
epoch7 : Train Loss: 3.5331  Valid Loss 0.3474
epoch8 : Train Loss: 3.2725  Valid Loss 0.3181
epoch9 : Train Loss: 3.0405  Valid Loss 0.2961
epoch10 : Train Loss: 2.8753  Valid Loss 0.2845
epoch11 : Train Loss: 2.7944  Valid Loss 0.2746
epoch12 : Train Loss: 2.6917  Valid Loss 0.2719
epoch13 : Train Loss: 2.6395  Valid Loss 0.2692
epoch14 : Train Loss: 2.6154  Valid Loss 0.2797
epoch15 : Train Loss: 2.6185  Valid Loss 0.2670
epoch16 : Train Loss: 2.6901  Valid Loss 0.2553
epoch17 : Train Loss: 2.6056  Valid Loss 0.2691
epoch18 : Train Loss: 2.5454  Valid Loss 0.2527
epoch19 : Train Loss: 2.5765  Valid Loss 0.2645
epoch20 : Train Loss: 2.5827  Valid Loss 0.2590
epoch21 : Train Loss: 2.5639  Valid Loss 0.2611
test loss : 0.25316921883338206