epoch 50
lr 0.005
batch 2048
num_layers 4
hidden_size 64
optimizer SGD
dropout 0.01
batchnorm 1
epoch1 : Train Loss: 60.5161  Valid Loss 0.3994
epoch2 : Train Loss: 3.8368  Valid Loss 0.3904
epoch3 : Train Loss: 3.8098  Valid Loss 0.3909
epoch4 : Train Loss: 3.8018  Valid Loss 0.3828
epoch5 : Train Loss: 3.7269  Valid Loss 0.3754
epoch6 : Train Loss: 3.6093  Valid Loss 0.3609
epoch7 : Train Loss: 3.4575  Valid Loss 0.3420
epoch8 : Train Loss: 3.2492  Valid Loss 0.3176
epoch9 : Train Loss: 3.0253  Valid Loss 0.2951
epoch10 : Train Loss: 2.8442  Valid Loss 0.2812
epoch11 : Train Loss: 2.7286  Valid Loss 0.2705
epoch12 : Train Loss: 2.6633  Valid Loss 0.2755
epoch13 : Train Loss: 2.6439  Valid Loss 0.2723
epoch14 : Train Loss: 2.6264  Valid Loss 0.2764
test loss : 0.2696746579698614