epoch 20
lr 0.005
batch 2048
num_layers 4
hidden_size 128
optimizer SGD
dropout 0.0
batchnorm 1
epoch1 : Train Loss: 40.3303  Valid Loss 0.3749
epoch2 : Train Loss: 3.4985  Valid Loss 0.3486
epoch3 : Train Loss: 3.2728  Valid Loss 0.3173
epoch4 : Train Loss: 3.0357  Valid Loss 0.2925
epoch5 : Train Loss: 2.8455  Valid Loss 0.2772
epoch6 : Train Loss: 2.7613  Valid Loss 0.2699
epoch7 : Train Loss: 2.6055  Valid Loss 0.2559
epoch8 : Train Loss: 2.5804  Valid Loss 0.2550
epoch9 : Train Loss: 2.4950  Valid Loss 0.2598
epoch10 : Train Loss: 2.4801  Valid Loss 0.2623
epoch11 : Train Loss: 2.4830  Valid Loss 0.2453
epoch12 : Train Loss: 2.4373  Valid Loss 0.2483
epoch13 : Train Loss: 2.4279  Valid Loss 0.2440
epoch14 : Train Loss: 2.4071  Valid Loss 0.2481
epoch15 : Train Loss: 2.4040  Valid Loss 0.2394
epoch16 : Train Loss: 2.3862  Valid Loss 0.2409
epoch17 : Train Loss: 2.3878  Valid Loss 0.2378
epoch18 : Train Loss: 2.3884  Valid Loss 0.2435
epoch19 : Train Loss: 2.3872  Valid Loss 0.2396
epoch20 : Train Loss: 2.3842  Valid Loss 0.2493
test loss : 0.23788585332599846