epoch 50
lr 0.005
batch 2048
num_layers 6
hidden_size 64
optimizer SGD
dropout 0.0
batchnorm 1
epoch1 : Train Loss: 55.0617  Valid Loss 0.3213
epoch2 : Train Loss: 2.9901  Valid Loss 0.2910
epoch3 : Train Loss: 2.7350  Valid Loss 0.2674
epoch4 : Train Loss: 2.5710  Valid Loss 0.2631
epoch5 : Train Loss: 2.4740  Valid Loss 0.2497
epoch6 : Train Loss: 2.4259  Valid Loss 0.2460
epoch7 : Train Loss: 2.3996  Valid Loss 0.2417
epoch8 : Train Loss: 2.3789  Valid Loss 0.2423
epoch9 : Train Loss: 2.3650  Valid Loss 0.2412
epoch10 : Train Loss: 2.3562  Valid Loss 0.2432
epoch11 : Train Loss: 2.3638  Valid Loss 0.2454
epoch12 : Train Loss: 2.3399  Valid Loss 0.2341
epoch13 : Train Loss: 2.3474  Valid Loss 0.2385
epoch14 : Train Loss: 2.3635  Valid Loss 0.2358
epoch15 : Train Loss: 2.3342  Valid Loss 0.2364
test loss : 0.23847901498949206