epoch 50
lr 0.001
batch 512
num_layers 4
hidden_size 64
optimizer SGD
dropout 0.0
batchnorm 1
epoch1 : Train Loss: 22.1401  Valid Loss 0.3843
epoch2 : Train Loss: 3.4688  Valid Loss 0.3808
epoch3 : Train Loss: 3.4588  Valid Loss 0.3765
epoch4 : Train Loss: 3.4358  Valid Loss 0.3793
epoch5 : Train Loss: 3.4040  Valid Loss 0.3747
epoch6 : Train Loss: 3.3538  Valid Loss 0.3630
epoch7 : Train Loss: 3.2774  Valid Loss 0.3541
epoch8 : Train Loss: 3.1735  Valid Loss 0.3469
epoch9 : Train Loss: 3.0330  Valid Loss 0.3197
epoch10 : Train Loss: 2.9091  Valid Loss 0.3116
epoch11 : Train Loss: 2.7775  Valid Loss 0.2949
epoch12 : Train Loss: 2.6958  Valid Loss 0.2877
epoch13 : Train Loss: 2.6191  Valid Loss 0.2811
epoch14 : Train Loss: 2.5761  Valid Loss 0.2767
epoch15 : Train Loss: 2.5352  Valid Loss 0.2701
epoch16 : Train Loss: 2.4913  Valid Loss 0.2699
epoch17 : Train Loss: 2.4774  Valid Loss 0.2692
epoch18 : Train Loss: 2.4640  Valid Loss 0.2632
epoch19 : Train Loss: 2.4371  Valid Loss 0.2655
epoch20 : Train Loss: 2.4042  Valid Loss 0.2635
epoch21 : Train Loss: 2.3911  Valid Loss 0.2596
epoch22 : Train Loss: 2.4008  Valid Loss 0.2585
epoch23 : Train Loss: 2.3869  Valid Loss 0.2606
epoch24 : Train Loss: 2.3747  Valid Loss 0.2621
epoch25 : Train Loss: 2.3681  Valid Loss 0.2583
epoch26 : Train Loss: 2.3556  Valid Loss 0.2548
epoch27 : Train Loss: 2.3536  Valid Loss 0.2590
epoch28 : Train Loss: 2.3599  Valid Loss 0.2626
epoch29 : Train Loss: 2.3418  Valid Loss 0.2559
test loss : 0.25449566340365376