epoch 20
lr 0.005
batch 10192
num_layers 4
hidden_size 64
optimizer SGD
dropout 0.0
batchnorm 1
epoch1 : Train Loss: 253.3370  Valid Loss 0.4656
epoch2 : Train Loss: 4.9444  Valid Loss 0.4072
epoch3 : Train Loss: 3.9245  Valid Loss 0.3813
epoch4 : Train Loss: 3.7404  Valid Loss 0.3691
epoch5 : Train Loss: 3.6430  Valid Loss 0.3714
epoch6 : Train Loss: 3.5818  Valid Loss 0.3604
epoch7 : Train Loss: 3.5347  Valid Loss 0.3536
epoch8 : Train Loss: 3.4883  Valid Loss 0.3534
epoch9 : Train Loss: 3.4402  Valid Loss 0.3477
epoch10 : Train Loss: 3.3971  Valid Loss 0.3425
epoch11 : Train Loss: 3.3502  Valid Loss 0.3314
epoch12 : Train Loss: 3.3057  Valid Loss 0.3319
epoch13 : Train Loss: 3.2583  Valid Loss 0.3268
epoch14 : Train Loss: 3.2133  Valid Loss 0.3178
epoch15 : Train Loss: 3.1648  Valid Loss 0.3201
epoch16 : Train Loss: 3.1175  Valid Loss 0.3101
epoch17 : Train Loss: 3.0727  Valid Loss 0.3050
epoch18 : Train Loss: 3.0294  Valid Loss 0.2983
epoch19 : Train Loss: 2.9816  Valid Loss 0.3008
epoch20 : Train Loss: 2.9310  Valid Loss 0.2901
test loss : 0.28997914865612984