epoch 50
lr 0.001
batch 1024
num_layers 4
hidden_size 64
optimizer SGD
dropout 0.0
batchnorm 1
epoch1 : Train Loss: 41.7044  Valid Loss 0.3839
epoch2 : Train Loss: 3.5394  Valid Loss 0.3797
epoch3 : Train Loss: 3.5294  Valid Loss 0.3769
epoch4 : Train Loss: 3.5182  Valid Loss 0.3780
epoch5 : Train Loss: 3.5143  Valid Loss 0.3762
epoch6 : Train Loss: 3.4988  Valid Loss 0.3748
epoch7 : Train Loss: 3.4921  Valid Loss 0.3747
epoch8 : Train Loss: 3.4819  Valid Loss 0.3741
epoch9 : Train Loss: 3.4599  Valid Loss 0.3677
epoch10 : Train Loss: 3.4382  Valid Loss 0.3713
epoch11 : Train Loss: 3.4086  Valid Loss 0.3634
epoch12 : Train Loss: 3.3756  Valid Loss 0.3570
epoch13 : Train Loss: 3.3180  Valid Loss 0.3516
epoch14 : Train Loss: 3.2677  Valid Loss 0.3511
epoch15 : Train Loss: 3.2109  Valid Loss 0.3378
epoch16 : Train Loss: 3.1388  Valid Loss 0.3297
epoch17 : Train Loss: 3.0666  Valid Loss 0.3237
epoch18 : Train Loss: 3.0071  Valid Loss 0.3148
epoch19 : Train Loss: 2.9334  Valid Loss 0.3076
epoch20 : Train Loss: 2.8638  Valid Loss 0.3015
epoch21 : Train Loss: 2.8079  Valid Loss 0.2951
epoch22 : Train Loss: 2.7684  Valid Loss 0.2906
epoch23 : Train Loss: 2.7200  Valid Loss 0.2849
epoch24 : Train Loss: 2.6783  Valid Loss 0.2852
epoch25 : Train Loss: 2.6424  Valid Loss 0.2792
epoch26 : Train Loss: 2.6249  Valid Loss 0.2743
epoch27 : Train Loss: 2.5991  Valid Loss 0.2733
epoch28 : Train Loss: 2.5702  Valid Loss 0.2707
epoch29 : Train Loss: 2.5441  Valid Loss 0.2703
epoch30 : Train Loss: 2.5315  Valid Loss 0.2672
epoch31 : Train Loss: 2.5093  Valid Loss 0.2648
epoch32 : Train Loss: 2.5017  Valid Loss 0.2638
epoch33 : Train Loss: 2.4791  Valid Loss 0.2623
epoch34 : Train Loss: 2.4703  Valid Loss 0.2625
epoch35 : Train Loss: 2.4460  Valid Loss 0.2594
epoch36 : Train Loss: 2.4353  Valid Loss 0.2592
epoch37 : Train Loss: 2.4368  Valid Loss 0.2570
epoch38 : Train Loss: 2.4189  Valid Loss 0.2583
epoch39 : Train Loss: 2.4123  Valid Loss 0.2540
epoch40 : Train Loss: 2.4095  Valid Loss 0.2536
epoch41 : Train Loss: 2.3974  Valid Loss 0.2564
epoch42 : Train Loss: 2.3911  Valid Loss 0.2545
epoch43 : Train Loss: 2.3815  Valid Loss 0.2531
epoch44 : Train Loss: 2.3752  Valid Loss 0.2527
epoch45 : Train Loss: 2.3778  Valid Loss 0.2561
epoch46 : Train Loss: 2.3715  Valid Loss 0.2502
epoch47 : Train Loss: 2.3710  Valid Loss 0.2545
epoch48 : Train Loss: 2.3729  Valid Loss 0.2530
epoch49 : Train Loss: 2.3533  Valid Loss 0.2563
test loss : 0.25200904039917765