epoch 50
lr 0.005
batch 2048
num_layers 4
hidden_size 64
optimizer SGD
dropout 0.05
batchnorm 1
epoch1 : Train Loss: 62.6694  Valid Loss 0.4240
epoch2 : Train Loss: 4.0285  Valid Loss 0.4055
epoch3 : Train Loss: 3.9184  Valid Loss 0.3970
epoch4 : Train Loss: 3.7951  Valid Loss 0.3749
epoch5 : Train Loss: 3.6121  Valid Loss 0.3555
epoch6 : Train Loss: 3.3839  Valid Loss 0.3279
epoch7 : Train Loss: 3.1367  Valid Loss 0.3063
epoch8 : Train Loss: 2.9512  Valid Loss 0.2931
epoch9 : Train Loss: 2.8461  Valid Loss 0.2817
epoch10 : Train Loss: 2.7778  Valid Loss 0.2764
epoch11 : Train Loss: 2.7066  Valid Loss 0.2717
epoch12 : Train Loss: 2.6661  Valid Loss 0.2718
epoch13 : Train Loss: 2.6314  Valid Loss 0.2684
epoch14 : Train Loss: 2.6135  Valid Loss 0.2754
epoch15 : Train Loss: 2.5919  Valid Loss 0.2697
epoch16 : Train Loss: 2.5907  Valid Loss 0.2611
epoch17 : Train Loss: 2.6377  Valid Loss 0.2720
epoch18 : Train Loss: 2.5628  Valid Loss 0.2554
epoch19 : Train Loss: 2.5669  Valid Loss 0.2656
epoch20 : Train Loss: 2.5956  Valid Loss 0.2780
epoch21 : Train Loss: 2.6061  Valid Loss 0.2580
test loss : 0.25530045177485494