epoch 50
lr 0.001
batch 5096
num_layers 4
hidden_size 64
optimizer SGD
dropout 0.0
batchnorm 1
epoch1 : Train Loss: 202.5727  Valid Loss 1.6357
epoch2 : Train Loss: 5.7440  Valid Loss 0.3936
epoch3 : Train Loss: 3.8146  Valid Loss 0.3816
epoch4 : Train Loss: 3.7716  Valid Loss 0.3805
epoch5 : Train Loss: 3.7605  Valid Loss 0.3831
epoch6 : Train Loss: 3.7469  Valid Loss 0.3796
epoch7 : Train Loss: 3.7429  Valid Loss 0.3800
epoch8 : Train Loss: 3.7366  Valid Loss 0.3800
epoch9 : Train Loss: 3.7291  Valid Loss 0.3781
epoch10 : Train Loss: 3.7274  Valid Loss 0.3798
epoch11 : Train Loss: 3.7229  Valid Loss 0.3753
epoch12 : Train Loss: 3.7221  Valid Loss 0.3773
epoch13 : Train Loss: 3.7170  Valid Loss 0.3771
epoch14 : Train Loss: 3.7162  Valid Loss 0.3771
test loss : 0.3728705942630768epoch 50
lr 0.001
batch 5096
num_layers 4
hidden_size 64
optimizer SGD
dropout 0.0
batchnorm 1
epoch1 : Train Loss: 202.5727  Valid Loss 1.6357
epoch2 : Train Loss: 5.7440  Valid Loss 0.3936
epoch3 : Train Loss: 3.8146  Valid Loss 0.3816
epoch4 : Train Loss: 3.7716  Valid Loss 0.3805
epoch5 : Train Loss: 3.7605  Valid Loss 0.3831
epoch6 : Train Loss: 3.7469  Valid Loss 0.3796
epoch7 : Train Loss: 3.7429  Valid Loss 0.3800
epoch8 : Train Loss: 3.7366  Valid Loss 0.3800
epoch9 : Train Loss: 3.7291  Valid Loss 0.3781
epoch10 : Train Loss: 3.7274  Valid Loss 0.3798
epoch11 : Train Loss: 3.7229  Valid Loss 0.3753
epoch12 : Train Loss: 3.7221  Valid Loss 0.3773
epoch13 : Train Loss: 3.7170  Valid Loss 0.3771
epoch14 : Train Loss: 3.7162  Valid Loss 0.3771
test loss : 0.3728705942630768