epoch 50
lr 0.005
batch 2048
num_layers 4
hidden_size 64
optimizer SGD
dropout 0.04
batchnorm 1
epoch1 : Train Loss: 62.2934  Valid Loss 0.4208
epoch2 : Train Loss: 3.9946  Valid Loss 0.4027
epoch3 : Train Loss: 3.8891  Valid Loss 0.3924
epoch4 : Train Loss: 3.7366  Valid Loss 0.3670
epoch5 : Train Loss: 3.5306  Valid Loss 0.3467
epoch6 : Train Loss: 3.2952  Valid Loss 0.3192
epoch7 : Train Loss: 3.0666  Valid Loss 0.2995
epoch8 : Train Loss: 2.8942  Valid Loss 0.2884
epoch9 : Train Loss: 2.7969  Valid Loss 0.2783
epoch10 : Train Loss: 2.7299  Valid Loss 0.2721
epoch11 : Train Loss: 2.6735  Valid Loss 0.2671
epoch12 : Train Loss: 2.6394  Valid Loss 0.2747
epoch13 : Train Loss: 2.6342  Valid Loss 0.2751
epoch14 : Train Loss: 2.6072  Valid Loss 0.2758
test loss : 0.2667794521595981