epoch1 : Train Loss: 9.5700  Valid Loss 0.2638
epoch2 : Train Loss: 2.4548  Valid Loss 0.2621
epoch3 : Train Loss: 2.4479  Valid Loss 0.2701
epoch4 : Train Loss: 2.4372  Valid Loss 0.2735
epoch5 : Train Loss: 2.4370  Valid Loss 0.2614
epoch6 : Train Loss: 2.4197  Valid Loss 0.2694
epoch7 : Train Loss: 2.4468  Valid Loss 0.2671
epoch8 : Train Loss: 2.4289  Valid Loss 0.2743
test loss : 0.2653412625294964epoch1 : Train Loss: 8.9729  Valid Loss 0.2871
epoch2 : Train Loss: 2.4646  Valid Loss 0.2726
epoch3 : Train Loss: 2.4598  Valid Loss 0.2659
epoch4 : Train Loss: 2.4216  Valid Loss 0.2778
epoch5 : Train Loss: 2.4252  Valid Loss 0.2707
epoch6 : Train Loss: 2.4313  Valid Loss 0.2703
test loss : 0.26425942109555617epoch1 : Train Loss: 28.5841  Valid Loss 0.3367
epoch2 : Train Loss: 2.8757  Valid Loss 0.2798
epoch3 : Train Loss: 2.5006  Valid Loss 0.2567
epoch4 : Train Loss: 2.3891  Valid Loss 0.2602
epoch5 : Train Loss: 2.3438  Valid Loss 0.2474
epoch6 : Train Loss: 2.3512  Valid Loss 0.2501
epoch7 : Train Loss: 2.3389  Valid Loss 0.2483
epoch8 : Train Loss: 2.3443  Valid Loss 0.2491
test loss : 0.24483408094257922epoch1 : Train Loss: 37.0345  Valid Loss 0.2536
epoch2 : Train Loss: 2.3505  Valid Loss 0.2448
epoch3 : Train Loss: 2.3270  Valid Loss 0.2489
epoch4 : Train Loss: 2.3139  Valid Loss 0.2512
epoch5 : Train Loss: 2.3129  Valid Loss 0.2401
epoch6 : Train Loss: 2.2967  Valid Loss 0.2492
epoch7 : Train Loss: 2.3041  Valid Loss 0.2497
epoch8 : Train Loss: 2.3447  Valid Loss 0.2496
test loss : 0.24272934669578397epoch 20
lr 0.01
batch 2048
num_layers 4
epoch 20
lr 0.01
batch 2048
num_layers 4
